<?xml version="1.0" encoding="UTF-8"?>
<testng-results ignored="0" total="4" passed="4" failed="0" skipped="0">
  <reporter-output>
  </reporter-output>
  <suite started-at="2022-07-25T18:13:12 CDT" name="Default suite" finished-at="2022-07-25T18:13:41 CDT" duration-ms="29040">
    <groups>
    </groups>
    <test started-at="2022-07-25T18:13:12 CDT" name="Default test" finished-at="2022-07-25T18:13:41 CDT" duration-ms="29040">
      <class name="com.tekarch.salesforce.User_Menu_Drop_down">
        <test-method signature="TC_05()[pri:0, instance:com.tekarch.salesforce.User_Menu_Drop_down@4a9419d7]" started-at="2022-07-25T18:13:12 CDT" name="TC_05" finished-at="2022-07-25T18:13:12 CDT" duration-ms="10" status="PASS">
          <reporter-output>
          </reporter-output>
        </test-method> <!-- TC_05 -->
        <test-method signature="TC_06()[pri:0, instance:com.tekarch.salesforce.User_Menu_Drop_down@4a9419d7]" started-at="2022-07-25T18:13:12 CDT" name="TC_06" finished-at="2022-07-25T18:13:12 CDT" duration-ms="2" status="PASS">
          <reporter-output>
          </reporter-output>
        </test-method> <!-- TC_06 -->
        <test-method signature="TC_07()[pri:0, instance:com.tekarch.salesforce.User_Menu_Drop_down@4a9419d7]" started-at="2022-07-25T18:13:12 CDT" name="TC_07" finished-at="2022-07-25T18:13:12 CDT" duration-ms="2" status="PASS">
          <reporter-output>
          </reporter-output>
        </test-method> <!-- TC_07 -->
        <test-method signature="TC_08()[pri:0, instance:com.tekarch.salesforce.User_Menu_Drop_down@4a9419d7]" started-at="2022-07-25T18:13:12 CDT" name="TC_08" finished-at="2022-07-25T18:13:41 CDT" duration-ms="28965" status="PASS">
          <reporter-output>
          </reporter-output>
        </test-method> <!-- TC_08 -->
      </class> <!-- com.tekarch.salesforce.User_Menu_Drop_down -->
    </test> <!-- Default test -->
  </suite> <!-- Default suite -->
</testng-results>
