<?xml version="1.0" encoding="UTF-8"?>
<!-- Generated by org.testng.reporters.JUnitXMLReporter -->
<testsuite ignored="0" hostname="DESKTOP-EFRO4QN" failures="0" tests="4" name="Default test" time="29.04" errors="0" timestamp="2022-07-25T18:13:41 CDT">
  <testcase classname="com.tekarch.salesforce.User_Menu_Drop_down" name="TC_05" time="0.01"/>
  <testcase classname="com.tekarch.salesforce.User_Menu_Drop_down" name="TC_06" time="0.002"/>
  <testcase classname="com.tekarch.salesforce.User_Menu_Drop_down" name="TC_07" time="0.002"/>
  <testcase classname="com.tekarch.salesforce.User_Menu_Drop_down" name="TC_08" time="28.965"/>
</testsuite> <!-- Default test -->
