<?xml version="1.0" encoding="UTF-8"?>
<!-- Generated by org.testng.reporters.JUnitXMLReporter -->
<testsuite ignored="0" hostname="DESKTOP-EFRO4QN" failures="0" tests="3" name="Default test" time="0.124" errors="0" timestamp="2022-08-16T09:19:31 CDT">
  <testcase classname="com.training.testng.FirstClass" name="f" time="0.01"/>
  <testcase classname="com.training.testng.FirstClass" name="login" time="0.003"/>
  <testcase classname="com.training.testng.FirstClass" name="logout" time="0.012"/>
</testsuite> <!-- Default test -->
