<?xml version="1.0" encoding="UTF-8"?>
<testng-results ignored="0" total="3" passed="3" failed="0" skipped="0">
  <reporter-output>
  </reporter-output>
  <suite started-at="2022-08-16T09:19:31 CDT" name="Default suite" finished-at="2022-08-16T09:19:31 CDT" duration-ms="124">
    <groups>
    </groups>
    <test started-at="2022-08-16T09:19:31 CDT" name="Default test" finished-at="2022-08-16T09:19:31 CDT" duration-ms="124">
      <class name="com.training.testng.FirstClass">
        <test-method is-config="true" signature="beforeSuite()[pri:0, instance:com.training.testng.FirstClass@48aaecc3]" started-at="2022-08-16T09:19:31 CDT" name="beforeSuite" finished-at="2022-08-16T09:19:31 CDT" duration-ms="20" status="PASS">
          <reporter-output>
          </reporter-output>
        </test-method> <!-- beforeSuite -->
        <test-method is-config="true" signature="beforeTest()[pri:0, instance:com.training.testng.FirstClass@48aaecc3]" started-at="2022-08-16T09:19:31 CDT" name="beforeTest" finished-at="2022-08-16T09:19:31 CDT" duration-ms="2" status="PASS">
          <reporter-output>
          </reporter-output>
        </test-method> <!-- beforeTest -->
        <test-method is-config="true" signature="beforeClass()[pri:0, instance:com.training.testng.FirstClass@48aaecc3]" started-at="2022-08-16T09:19:31 CDT" name="beforeClass" finished-at="2022-08-16T09:19:31 CDT" duration-ms="1" status="PASS">
          <reporter-output>
          </reporter-output>
        </test-method> <!-- beforeClass -->
        <test-method is-config="true" signature="beforeMethod()[pri:0, instance:com.training.testng.FirstClass@48aaecc3]" started-at="2022-08-16T09:19:31 CDT" name="beforeMethod" finished-at="2022-08-16T09:19:31 CDT" duration-ms="1" status="PASS">
          <reporter-output>
          </reporter-output>
        </test-method> <!-- beforeMethod -->
        <test-method signature="f()[pri:0, instance:com.training.testng.FirstClass@48aaecc3]" started-at="2022-08-16T09:19:31 CDT" name="f" finished-at="2022-08-16T09:19:31 CDT" duration-ms="10" status="PASS">
          <reporter-output>
          </reporter-output>
        </test-method> <!-- f -->
        <test-method is-config="true" signature="afterMethod()[pri:0, instance:com.training.testng.FirstClass@48aaecc3]" started-at="2022-08-16T09:19:31 CDT" name="afterMethod" finished-at="2022-08-16T09:19:31 CDT" duration-ms="2" status="PASS">
          <reporter-output>
          </reporter-output>
        </test-method> <!-- afterMethod -->
        <test-method is-config="true" signature="beforeMethod()[pri:0, instance:com.training.testng.FirstClass@48aaecc3]" started-at="2022-08-16T09:19:31 CDT" name="beforeMethod" finished-at="2022-08-16T09:19:31 CDT" duration-ms="0" status="PASS">
          <reporter-output>
          </reporter-output>
        </test-method> <!-- beforeMethod -->
        <test-method signature="login()[pri:0, instance:com.training.testng.FirstClass@48aaecc3]" started-at="2022-08-16T09:19:31 CDT" name="login" finished-at="2022-08-16T09:19:31 CDT" duration-ms="3" status="PASS">
          <reporter-output>
          </reporter-output>
        </test-method> <!-- login -->
        <test-method is-config="true" signature="afterMethod()[pri:0, instance:com.training.testng.FirstClass@48aaecc3]" started-at="2022-08-16T09:19:31 CDT" name="afterMethod" finished-at="2022-08-16T09:19:31 CDT" duration-ms="1" status="PASS">
          <reporter-output>
          </reporter-output>
        </test-method> <!-- afterMethod -->
        <test-method is-config="true" signature="beforeMethod()[pri:0, instance:com.training.testng.FirstClass@48aaecc3]" started-at="2022-08-16T09:19:31 CDT" name="beforeMethod" finished-at="2022-08-16T09:19:31 CDT" duration-ms="1" status="PASS">
          <reporter-output>
          </reporter-output>
        </test-method> <!-- beforeMethod -->
        <test-method signature="logout()[pri:0, instance:com.training.testng.FirstClass@48aaecc3]" started-at="2022-08-16T09:19:31 CDT" name="logout" finished-at="2022-08-16T09:19:31 CDT" duration-ms="12" status="PASS">
          <reporter-output>
          </reporter-output>
        </test-method> <!-- logout -->
        <test-method is-config="true" signature="afterMethod()[pri:0, instance:com.training.testng.FirstClass@48aaecc3]" started-at="2022-08-16T09:19:31 CDT" name="afterMethod" finished-at="2022-08-16T09:19:31 CDT" duration-ms="4" status="PASS">
          <reporter-output>
          </reporter-output>
        </test-method> <!-- afterMethod -->
        <test-method is-config="true" signature="afterClass()[pri:0, instance:com.training.testng.FirstClass@48aaecc3]" started-at="2022-08-16T09:19:31 CDT" name="afterClass" finished-at="2022-08-16T09:19:31 CDT" duration-ms="0" status="PASS">
          <reporter-output>
          </reporter-output>
        </test-method> <!-- afterClass -->
        <test-method is-config="true" signature="afterTest()[pri:0, instance:com.training.testng.FirstClass@48aaecc3]" started-at="2022-08-16T09:19:31 CDT" name="afterTest" finished-at="2022-08-16T09:19:31 CDT" duration-ms="2" status="PASS">
          <reporter-output>
          </reporter-output>
        </test-method> <!-- afterTest -->
        <test-method is-config="true" signature="afterSuite()[pri:0, instance:com.training.testng.FirstClass@48aaecc3]" started-at="2022-08-16T09:19:31 CDT" name="afterSuite" finished-at="2022-08-16T09:19:31 CDT" duration-ms="1" status="PASS">
          <reporter-output>
          </reporter-output>
        </test-method> <!-- afterSuite -->
      </class> <!-- com.training.testng.FirstClass -->
    </test> <!-- Default test -->
  </suite> <!-- Default suite -->
</testng-results>
