<?xml version="1.0" encoding="UTF-8"?>
<testng-results ignored="0" total="1" passed="1" failed="0" skipped="0">
  <reporter-output>
  </reporter-output>
  <suite started-at="2022-07-04T17:50:39 CDT" name="Default suite" finished-at="2022-07-04T17:50:39 CDT" duration-ms="180">
    <groups>
    </groups>
    <test started-at="2022-07-04T17:50:39 CDT" name="Default test" finished-at="2022-07-04T17:50:39 CDT" duration-ms="180">
      <class name="demo">
        <test-method signature="f()[pri:0, instance:demo@3d121db3]" started-at="2022-07-04T17:50:39 CDT" name="f" finished-at="2022-07-04T17:50:39 CDT" duration-ms="17" status="PASS">
          <reporter-output>
          </reporter-output>
        </test-method> <!-- f -->
      </class> <!-- demo -->
    </test> <!-- Default test -->
  </suite> <!-- Default suite -->
</testng-results>
